<?xml version="1.0" encoding="UTF-8"?>
<testsuite xmlns:xsi="http://www.w3.org/2001/XMLSchema-instance" xsi:noNamespaceSchemaLocation="https://maven.apache.org/surefire/maven-surefire-plugin/xsd/surefire-test-report-3.0.xsd" version="3.0" name="com.tecsup.library.integration.LoanFlowTest" time="0.08" tests="5" errors="0" skipped="0" failures="0">
  <properties>
[...]
</properties>
  <testcase name="calculaMultaEnDevolucionTardia_R5" classname="com.tecsup.library.integration.LoanFlowTest" time="0.055"/>
  <testcase name="noPermitePrestarSiHayMora_R3" classname="com.tecsup.library.integration.LoanFlowTest" time="0.002"/>
  <testcase name="noPermitePrestarLibroYaPrestado_R1" classname="com.tecsup.library.integration.LoanFlowTest" time="0.001"/>
  <testcase name="flujoExitoso_prestarYDevolverSinMulta" classname="com.tecsup.library.integration.LoanFlowTest" time="0.001"/>
  <testcase name="noPermiteMasDeTresPrestamosActivos_R2" classname="com.tecsup.library.integration.LoanFlowTest" time="0.002"/>
</testsuite>